2025-02-26 11:45:04,008: INFO: main: Welcome to our custom logging data science
2025-02-26 13:17:26,644: INFO: common: Reading yaml file from config\config.yaml
2025-02-26 13:17:26,648: INFO: common: Reading yaml file from params.yaml
2025-02-26 13:18:33,725: INFO: common: Reading yaml file from config\config.yaml
2025-02-26 13:18:33,728: INFO: common: Reading yaml file from params.yaml
2025-02-26 13:18:57,374: INFO: common: Reading yaml file from config\config.yaml
2025-02-26 13:18:57,379: INFO: common: Reading yaml file from params.yaml
2025-02-26 13:19:18,323: INFO: common: Reading yaml file from config\config.yaml
2025-02-26 13:19:18,326: INFO: common: Reading yaml file from params.yaml
2025-02-26 13:19:18,330: INFO: common: Reading yaml file from schema.yaml
2025-02-26 13:19:18,335: INFO: common: Created directory: artifacts
2025-02-26 13:19:18,338: INFO: common: Created directory: artifacts/data_ingestion
2025-02-26 13:20:12,632: INFO: common: Reading yaml file from config\config.yaml
2025-02-26 13:20:12,637: INFO: common: Reading yaml file from params.yaml
2025-02-26 13:20:12,640: INFO: common: Reading yaml file from schema.yaml
2025-02-26 13:20:12,644: INFO: common: Created directory: artifacts
2025-02-26 13:20:12,648: INFO: common: Created directory: artifacts/data_ingestion
2025-02-26 13:20:14,229: INFO: 3462016057: artifacts/data_ingestion/data.zip downloaded successfully, with info: 
Connection: close
Content-Length: 23329
Cache-Control: max-age=300
Content-Security-Policy: default-src 'none'; style-src 'unsafe-inline'; sandbox
Content-Type: application/zip
ETag: "c69888a4ae59bc5a893392785a938ccd4937981c06ba8a9d6a21aa52b4ab5b6e"
Strict-Transport-Security: max-age=31536000
X-Content-Type-Options: nosniff
X-Frame-Options: deny
X-XSS-Protection: 1; mode=block
X-GitHub-Request-Id: 25DC:37153E:10201C5:124684C:67BF06FD
Accept-Ranges: bytes
Date: Wed, 26 Feb 2025 12:20:14 GMT
Via: 1.1 varnish
X-Served-By: cache-mad22069-MAD
X-Cache: MISS
X-Cache-Hits: 0
X-Timer: S1740572414.994016,VS0,VE218
Vary: Authorization,Accept-Encoding,Origin
Access-Control-Allow-Origin: *
Cross-Origin-Resource-Policy: cross-origin
X-Fastly-Request-ID: 0a95077cb1ff60a3557c4a7fdbe71503b29673bd
Expires: Wed, 26 Feb 2025 12:25:14 GMT
Source-Age: 0


2025-02-26 15:59:05,013: INFO: main: >>>>>> Stage Data Ingestion Stage started <<<<<<
2025-02-26 15:59:05,016: INFO: common: Reading yaml file from config\config.yaml
2025-02-26 15:59:05,017: INFO: common: Reading yaml file from params.yaml
2025-02-26 15:59:05,019: INFO: common: Reading yaml file from schema.yaml
2025-02-26 15:59:05,021: INFO: common: Created directory: artifacts
2025-02-26 15:59:05,023: INFO: common: Created directory: artifacts/data_ingestion
2025-02-26 15:59:07,761: INFO: data_ingestion: artifacts/data_ingestion/data.zip downloaded successfully, with info: 
Connection: close
Content-Length: 23329
Cache-Control: max-age=300
Content-Security-Policy: default-src 'none'; style-src 'unsafe-inline'; sandbox
Content-Type: application/zip
ETag: "c69888a4ae59bc5a893392785a938ccd4937981c06ba8a9d6a21aa52b4ab5b6e"
Strict-Transport-Security: max-age=31536000
X-Content-Type-Options: nosniff
X-Frame-Options: deny
X-XSS-Protection: 1; mode=block
X-GitHub-Request-Id: B7FD:390EFE:9090B:9F040:67BF2C3A
Accept-Ranges: bytes
Date: Wed, 26 Feb 2025 14:59:07 GMT
Via: 1.1 varnish
X-Served-By: cache-mad2200095-MAD
X-Cache: MISS
X-Cache-Hits: 0
X-Timer: S1740581948.574298,VS0,VE173
Vary: Authorization,Accept-Encoding,Origin
Access-Control-Allow-Origin: *
Cross-Origin-Resource-Policy: cross-origin
X-Fastly-Request-ID: a4760ade08d94cb6909b08bd757eff59be2baa41
Expires: Wed, 26 Feb 2025 15:04:07 GMT
Source-Age: 0


2025-02-26 15:59:07,781: INFO: main: >>>>>> Stage Data Ingestion Stage completed <<<<<<

x==========x
2025-02-27 16:45:34,681: INFO: common: Reading yaml file from config\config.yaml
2025-02-27 16:45:34,698: INFO: common: Reading yaml file from params.yaml
2025-02-27 16:45:34,704: INFO: common: Reading yaml file from schema.yaml
2025-02-27 16:45:34,709: INFO: common: Created directory: artifacts
2025-02-27 16:45:34,715: INFO: common: Created directory: artifacts/data_validation
2025-02-27 16:48:13,213: INFO: common: Reading yaml file from config\config.yaml
2025-02-27 16:48:13,219: INFO: common: Reading yaml file from params.yaml
2025-02-27 16:48:13,230: INFO: common: Reading yaml file from schema.yaml
2025-02-27 16:48:13,233: INFO: common: Created directory: artifacts
2025-02-27 16:48:13,238: INFO: common: Created directory: artifacts/data_validation
2025-02-27 17:06:47,487: INFO: main: >>>>>> Stage Data Ingestion Stage started <<<<<<
2025-02-27 17:06:47,490: INFO: common: Reading yaml file from config\config.yaml
2025-02-27 17:06:47,491: INFO: common: Reading yaml file from params.yaml
2025-02-27 17:06:47,494: INFO: common: Reading yaml file from schema.yaml
2025-02-27 17:06:47,495: INFO: common: Created directory: artifacts
2025-02-27 17:06:47,497: INFO: common: Created directory: artifacts/data_ingestion
2025-02-27 17:06:47,499: INFO: data_ingestion: File already exists
2025-02-27 17:06:47,511: INFO: main: >>>>>> Stage Data Ingestion Stage completed <<<<<<

x==========x
2025-02-27 17:06:47,513: INFO: main: >>>>>> Stage Data Validation Stage started <<<<<<
2025-02-27 17:06:47,515: ERROR: main: 'DataValidationTrainingPipeline' object has no attribute 'initiate_data_validation'
Traceback (most recent call last):
  File "C:\Users\cmatias\Desktop\MLOPS\datascienceproject\main.py", line 19, in <module>
    data_validation.initiate_data_validation()
AttributeError: 'DataValidationTrainingPipeline' object has no attribute 'initiate_data_validation'
2025-02-27 17:08:32,964: INFO: main: >>>>>> Stage Data Ingestion Stage started <<<<<<
2025-02-27 17:08:32,967: INFO: common: Reading yaml file from config\config.yaml
2025-02-27 17:08:32,969: INFO: common: Reading yaml file from params.yaml
2025-02-27 17:08:32,975: INFO: common: Reading yaml file from schema.yaml
2025-02-27 17:08:32,976: INFO: common: Created directory: artifacts
2025-02-27 17:08:32,977: INFO: common: Created directory: artifacts/data_ingestion
2025-02-27 17:08:32,978: INFO: data_ingestion: File already exists
2025-02-27 17:08:32,987: INFO: main: >>>>>> Stage Data Ingestion Stage completed <<<<<<

x==========x
2025-02-27 17:08:32,988: INFO: main: >>>>>> Stage Data Validation Stage started <<<<<<
2025-02-27 17:08:32,992: INFO: common: Reading yaml file from config\config.yaml
2025-02-27 17:08:32,993: INFO: common: Reading yaml file from params.yaml
2025-02-27 17:08:32,996: INFO: common: Reading yaml file from schema.yaml
2025-02-27 17:08:32,998: INFO: common: Created directory: artifacts
2025-02-27 17:08:32,999: INFO: common: Created directory: artifacts/data_validation
2025-02-27 17:08:33,032: INFO: main: >>>>>> Stage Data Validation Stage completed <<<<<<

x==========x
2025-02-28 11:27:32,629: INFO: common: Reading yaml file from config\config.yaml
2025-02-28 11:27:32,636: INFO: common: Reading yaml file from params.yaml
2025-02-28 11:27:32,645: INFO: common: Reading yaml file from schema.yaml
2025-02-28 11:27:32,649: INFO: common: Created directory: artifacts
2025-02-28 11:27:32,652: INFO: common: Created directory: artifacts/data_transformation
2025-02-28 11:27:32,734: INFO: 2501812001: Data splitting is done.
2025-02-28 11:27:32,737: INFO: 2501812001: Train shape: (1279, 12), Test shape: (320, 12)
2025-02-28 11:56:02,445: INFO: main: >>>>>> Stage Data Ingestion Stage started <<<<<<
2025-02-28 11:56:02,451: INFO: common: Reading yaml file from config\config.yaml
2025-02-28 11:56:02,454: INFO: common: Reading yaml file from params.yaml
2025-02-28 11:56:02,464: INFO: common: Reading yaml file from schema.yaml
2025-02-28 11:56:02,465: INFO: common: Created directory: artifacts
2025-02-28 11:56:02,467: INFO: common: Created directory: artifacts/data_ingestion
2025-02-28 11:56:02,469: INFO: data_ingestion: File already exists
2025-02-28 11:56:02,484: INFO: main: >>>>>> Stage Data Ingestion Stage completed <<<<<<

x==========x
2025-02-28 11:56:02,487: INFO: main: >>>>>> Stage Data Validation Stage started <<<<<<
2025-02-28 11:56:02,495: INFO: common: Reading yaml file from config\config.yaml
2025-02-28 11:56:02,499: INFO: common: Reading yaml file from params.yaml
2025-02-28 11:56:02,506: INFO: common: Reading yaml file from schema.yaml
2025-02-28 11:56:02,508: INFO: common: Created directory: artifacts
2025-02-28 11:56:02,511: INFO: common: Created directory: artifacts/data_validation
2025-02-28 11:56:02,576: INFO: main: >>>>>> Stage Data Validation Stage completed <<<<<<

x==========x
2025-02-28 11:56:02,578: INFO: main: >>>>>> Stage Data Transformation Stage started <<<<<<
2025-02-28 11:56:02,580: ERROR: main: 'DataValidationTrainingPipeline' object has no attribute 'initiate_data_transformation'
Traceback (most recent call last):
  File "C:\Users\cmatias\Desktop\MLOPS\datascienceproject\main.py", line 30, in <module>
    data_validation.initiate_data_transformation()
AttributeError: 'DataValidationTrainingPipeline' object has no attribute 'initiate_data_transformation'
2025-02-28 11:57:10,964: INFO: main: >>>>>> Stage Data Ingestion Stage started <<<<<<
2025-02-28 11:57:10,971: INFO: common: Reading yaml file from config\config.yaml
2025-02-28 11:57:10,974: INFO: common: Reading yaml file from params.yaml
2025-02-28 11:57:10,981: INFO: common: Reading yaml file from schema.yaml
2025-02-28 11:57:10,982: INFO: common: Created directory: artifacts
2025-02-28 11:57:10,983: INFO: common: Created directory: artifacts/data_ingestion
2025-02-28 11:57:10,984: INFO: data_ingestion: File already exists
2025-02-28 11:57:10,993: INFO: main: >>>>>> Stage Data Ingestion Stage completed <<<<<<

x==========x
2025-02-28 11:57:10,996: INFO: main: >>>>>> Stage Data Validation Stage started <<<<<<
2025-02-28 11:57:11,003: INFO: common: Reading yaml file from config\config.yaml
2025-02-28 11:57:11,005: INFO: common: Reading yaml file from params.yaml
2025-02-28 11:57:11,009: INFO: common: Reading yaml file from schema.yaml
2025-02-28 11:57:11,010: INFO: common: Created directory: artifacts
2025-02-28 11:57:11,011: INFO: common: Created directory: artifacts/data_validation
2025-02-28 11:57:11,043: INFO: main: >>>>>> Stage Data Validation Stage completed <<<<<<

x==========x
2025-02-28 11:57:11,043: INFO: main: >>>>>> Stage Data Transformation Stage started <<<<<<
2025-02-28 11:57:11,044: ERROR: main: 'DataValidationTrainingPipeline' object has no attribute 'initiate_data_transformation'
Traceback (most recent call last):
  File "C:\Users\cmatias\Desktop\MLOPS\datascienceproject\main.py", line 30, in <module>
    data_validation.initiate_data_transformation()
AttributeError: 'DataValidationTrainingPipeline' object has no attribute 'initiate_data_transformation'
2025-02-28 11:59:37,286: INFO: main: >>>>>> Stage Data Ingestion Stage started <<<<<<
2025-02-28 11:59:37,291: INFO: common: Reading yaml file from config\config.yaml
2025-02-28 11:59:37,292: INFO: common: Reading yaml file from params.yaml
2025-02-28 11:59:37,295: INFO: common: Reading yaml file from schema.yaml
2025-02-28 11:59:37,298: INFO: common: Created directory: artifacts
2025-02-28 11:59:37,299: INFO: common: Created directory: artifacts/data_ingestion
2025-02-28 11:59:37,300: INFO: data_ingestion: File already exists
2025-02-28 11:59:37,308: INFO: main: >>>>>> Stage Data Ingestion Stage completed <<<<<<

x==========x
2025-02-28 11:59:37,309: INFO: main: >>>>>> Stage Data Validation Stage started <<<<<<
2025-02-28 11:59:37,313: INFO: common: Reading yaml file from config\config.yaml
2025-02-28 11:59:37,315: INFO: common: Reading yaml file from params.yaml
2025-02-28 11:59:37,320: INFO: common: Reading yaml file from schema.yaml
2025-02-28 11:59:37,321: INFO: common: Created directory: artifacts
2025-02-28 11:59:37,321: INFO: common: Created directory: artifacts/data_validation
2025-02-28 11:59:37,347: INFO: main: >>>>>> Stage Data Validation Stage completed <<<<<<

x==========x
2025-02-28 11:59:37,348: INFO: main: >>>>>> Stage Data Transformation Stage started <<<<<<
2025-02-28 11:59:37,352: INFO: common: Reading yaml file from config\config.yaml
2025-02-28 11:59:37,353: INFO: common: Reading yaml file from params.yaml
2025-02-28 11:59:37,357: INFO: common: Reading yaml file from schema.yaml
2025-02-28 11:59:37,358: INFO: common: Created directory: artifacts
2025-02-28 11:59:37,360: INFO: common: Created directory: artifacts/data_transformation
2025-02-28 11:59:37,399: INFO: data_transformation: Data splitting is done.
2025-02-28 11:59:37,400: INFO: data_transformation: Train shape: (1279, 12), Test shape: (320, 12)
2025-02-28 11:59:37,401: INFO: main: >>>>>> Stage Data Transformation Stage completed <<<<<<

x==========x
2025-03-01 12:53:16,897: INFO: common: Reading yaml file from config\config.yaml
2025-03-01 12:53:16,906: INFO: common: Reading yaml file from params.yaml
2025-03-01 12:53:16,916: INFO: common: Reading yaml file from schema.yaml
2025-03-01 12:53:16,922: INFO: common: Created directory: artifacts
2025-03-01 12:53:16,927: INFO: common: Created directory: artifacts/model_trainer
2025-03-01 13:04:25,543: INFO: main: >>>>>> Stage Data Ingestion Stage started <<<<<<
2025-03-01 13:04:25,549: INFO: common: Reading yaml file from config\config.yaml
2025-03-01 13:04:25,552: INFO: common: Reading yaml file from params.yaml
2025-03-01 13:04:25,556: INFO: common: Reading yaml file from schema.yaml
2025-03-01 13:04:25,558: INFO: common: Created directory: artifacts
2025-03-01 13:04:25,559: INFO: common: Created directory: artifacts/data_ingestion
2025-03-01 13:04:25,570: INFO: data_ingestion: File already exists
2025-03-01 13:04:25,582: INFO: main: >>>>>> Stage Data Ingestion Stage completed <<<<<<

x==========x
2025-03-01 13:04:25,584: INFO: main: >>>>>> Stage Data Validation Stage started <<<<<<
2025-03-01 13:04:25,589: INFO: common: Reading yaml file from config\config.yaml
2025-03-01 13:04:25,593: INFO: common: Reading yaml file from params.yaml
2025-03-01 13:04:25,598: INFO: common: Reading yaml file from schema.yaml
2025-03-01 13:04:25,599: INFO: common: Created directory: artifacts
2025-03-01 13:04:25,601: INFO: common: Created directory: artifacts/data_validation
2025-03-01 13:04:25,629: INFO: main: >>>>>> Stage Data Validation Stage completed <<<<<<

x==========x
2025-03-01 13:04:25,630: INFO: main: >>>>>> Stage Data Transformation Stage started <<<<<<
2025-03-01 13:04:25,636: INFO: common: Reading yaml file from config\config.yaml
2025-03-01 13:04:25,639: INFO: common: Reading yaml file from params.yaml
2025-03-01 13:04:25,643: INFO: common: Reading yaml file from schema.yaml
2025-03-01 13:04:25,645: INFO: common: Created directory: artifacts
2025-03-01 13:04:25,645: INFO: common: Created directory: artifacts/data_transformation
2025-03-01 13:04:25,695: INFO: data_transformation: Data splitting is done.
2025-03-01 13:04:25,697: INFO: data_transformation: Train shape: (1279, 12), Test shape: (320, 12)
2025-03-01 13:04:25,698: INFO: main: >>>>>> Stage Data Transformation Stage completed <<<<<<

x==========x
2025-03-01 13:04:25,700: INFO: main: >>>>>> Stage Model Training Stage started <<<<<<
2025-03-01 13:04:25,706: INFO: common: Reading yaml file from config\config.yaml
2025-03-01 13:04:25,709: INFO: common: Reading yaml file from params.yaml
2025-03-01 13:04:25,713: INFO: common: Reading yaml file from schema.yaml
2025-03-01 13:04:25,715: INFO: common: Created directory: artifacts
2025-03-01 13:04:25,718: INFO: common: Created directory: artifacts/model_trainer
2025-03-01 13:04:25,735: INFO: main: >>>>>> Stage Model Training Stage completed <<<<<<

x==========x
2025-03-01 13:55:35,837: INFO: common: Reading yaml file from config\config.yaml
2025-03-01 13:55:35,847: INFO: common: Reading yaml file from params.yaml
2025-03-01 13:55:35,854: INFO: common: Reading yaml file from schema.yaml
2025-03-01 13:55:35,860: INFO: common: Created directory: artifacts
2025-03-01 13:55:35,862: INFO: common: Created directory: artifacts/model_evaluation
2025-03-01 13:55:37,056: INFO: common: Json file saved to artifacts\model_evaluation\metrics.json
2025-03-01 19:35:47,586: INFO: common: Reading yaml file from config\config.yaml
2025-03-01 19:35:47,593: INFO: common: Reading yaml file from params.yaml
2025-03-01 19:35:47,599: INFO: common: Reading yaml file from schema.yaml
2025-03-01 19:35:47,602: INFO: common: Created directory: artifacts
2025-03-01 19:35:47,604: INFO: common: Created directory: artifacts/model_evaluation
2025-03-01 19:35:48,457: INFO: common: Json file saved to artifacts\model_evaluation\metrics.json
2025-03-01 19:54:39,307: INFO: main: >>>>>> Stage Data Ingestion Stage started <<<<<<
2025-03-01 19:54:39,314: INFO: common: Reading yaml file from config\config.yaml
2025-03-01 19:54:39,318: INFO: common: Reading yaml file from params.yaml
2025-03-01 19:54:39,322: INFO: common: Reading yaml file from schema.yaml
2025-03-01 19:54:39,324: INFO: common: Created directory: artifacts
2025-03-01 19:54:39,325: INFO: common: Created directory: artifacts/data_ingestion
2025-03-01 19:54:39,326: INFO: data_ingestion: File already exists
2025-03-01 19:54:39,340: INFO: main: >>>>>> Stage Data Ingestion Stage completed <<<<<<

x==========x
2025-03-01 19:54:39,342: INFO: main: >>>>>> Stage Data Validation Stage started <<<<<<
2025-03-01 19:54:39,349: INFO: common: Reading yaml file from config\config.yaml
2025-03-01 19:54:39,355: INFO: common: Reading yaml file from params.yaml
2025-03-01 19:54:39,360: INFO: common: Reading yaml file from schema.yaml
2025-03-01 19:54:39,361: INFO: common: Created directory: artifacts
2025-03-01 19:54:39,363: INFO: common: Created directory: artifacts/data_validation
2025-03-01 19:54:39,399: INFO: main: >>>>>> Stage Data Validation Stage completed <<<<<<

x==========x
2025-03-01 19:54:39,404: INFO: main: >>>>>> Stage Data Transformation Stage started <<<<<<
2025-03-01 19:54:39,409: INFO: common: Reading yaml file from config\config.yaml
2025-03-01 19:54:39,411: INFO: common: Reading yaml file from params.yaml
2025-03-01 19:54:39,418: INFO: common: Reading yaml file from schema.yaml
2025-03-01 19:54:39,420: INFO: common: Created directory: artifacts
2025-03-01 19:54:39,421: INFO: common: Created directory: artifacts/data_transformation
2025-03-01 19:54:39,476: INFO: data_transformation: Data splitting is done.
2025-03-01 19:54:39,477: INFO: data_transformation: Train shape: (1279, 12), Test shape: (320, 12)
2025-03-01 19:54:39,478: INFO: main: >>>>>> Stage Data Transformation Stage completed <<<<<<

x==========x
2025-03-01 19:54:39,479: INFO: main: >>>>>> Stage Model Training Stage started <<<<<<
2025-03-01 19:54:39,488: INFO: common: Reading yaml file from config\config.yaml
2025-03-01 19:54:39,490: INFO: common: Reading yaml file from params.yaml
2025-03-01 19:54:39,494: INFO: common: Reading yaml file from schema.yaml
2025-03-01 19:54:39,495: INFO: common: Created directory: artifacts
2025-03-01 19:54:39,496: INFO: common: Created directory: artifacts/model_trainer
2025-03-01 19:54:39,522: INFO: main: >>>>>> Stage Model Training Stage completed <<<<<<

x==========x
2025-03-01 19:54:39,524: INFO: main: >>>>>> Stage Model Evaluation Stage started <<<<<<
2025-03-01 19:54:39,529: INFO: common: Reading yaml file from config\config.yaml
2025-03-01 19:54:39,533: INFO: common: Reading yaml file from params.yaml
2025-03-01 19:54:39,540: INFO: common: Reading yaml file from schema.yaml
2025-03-01 19:54:39,541: INFO: common: Created directory: artifacts
2025-03-01 19:54:39,543: INFO: common: Created directory: artifacts/model_evaluation
2025-03-01 19:54:41,642: ERROR: main: name 'Path' is not defined
Traceback (most recent call last):
  File "C:\Users\cmatias\Desktop\MLOPS\datascienceproject\main.py", line 63, in <module>
    model_evaluation.initiate_model_evaluation()
  File "C:\Users\cmatias\Desktop\MLOPS\datascienceproject\src\datascience\pipeline\model_evaluation_pipeline.py", line 15, in initiate_model_evaluation
    model_evaluation.log_into_mlflow()
  File "C:\Users\cmatias\Desktop\MLOPS\datascienceproject\src\datascience\components\model_evaluation.py", line 43, in log_into_mlflow
    save_json(path=Path(self.config.metric_file_name), data=scores)
NameError: name 'Path' is not defined
2025-03-01 19:56:17,151: INFO: main: >>>>>> Stage Data Ingestion Stage started <<<<<<
2025-03-01 19:56:17,157: INFO: common: Reading yaml file from config\config.yaml
2025-03-01 19:56:17,158: INFO: common: Reading yaml file from params.yaml
2025-03-01 19:56:17,161: INFO: common: Reading yaml file from schema.yaml
2025-03-01 19:56:17,162: INFO: common: Created directory: artifacts
2025-03-01 19:56:17,162: INFO: common: Created directory: artifacts/data_ingestion
2025-03-01 19:56:17,163: INFO: data_ingestion: File already exists
2025-03-01 19:56:17,171: INFO: main: >>>>>> Stage Data Ingestion Stage completed <<<<<<

x==========x
2025-03-01 19:56:17,171: INFO: main: >>>>>> Stage Data Validation Stage started <<<<<<
2025-03-01 19:56:17,175: INFO: common: Reading yaml file from config\config.yaml
2025-03-01 19:56:17,177: INFO: common: Reading yaml file from params.yaml
2025-03-01 19:56:17,180: INFO: common: Reading yaml file from schema.yaml
2025-03-01 19:56:17,181: INFO: common: Created directory: artifacts
2025-03-01 19:56:17,181: INFO: common: Created directory: artifacts/data_validation
2025-03-01 19:56:17,205: INFO: main: >>>>>> Stage Data Validation Stage completed <<<<<<

x==========x
2025-03-01 19:56:17,206: INFO: main: >>>>>> Stage Data Transformation Stage started <<<<<<
2025-03-01 19:56:17,212: INFO: common: Reading yaml file from config\config.yaml
2025-03-01 19:56:17,213: INFO: common: Reading yaml file from params.yaml
2025-03-01 19:56:17,217: INFO: common: Reading yaml file from schema.yaml
2025-03-01 19:56:17,218: INFO: common: Created directory: artifacts
2025-03-01 19:56:17,219: INFO: common: Created directory: artifacts/data_transformation
2025-03-01 19:56:17,250: INFO: data_transformation: Data splitting is done.
2025-03-01 19:56:17,251: INFO: data_transformation: Train shape: (1279, 12), Test shape: (320, 12)
2025-03-01 19:56:17,253: INFO: main: >>>>>> Stage Data Transformation Stage completed <<<<<<

x==========x
2025-03-01 19:56:17,254: INFO: main: >>>>>> Stage Model Training Stage started <<<<<<
2025-03-01 19:56:17,258: INFO: common: Reading yaml file from config\config.yaml
2025-03-01 19:56:17,260: INFO: common: Reading yaml file from params.yaml
2025-03-01 19:56:17,264: INFO: common: Reading yaml file from schema.yaml
2025-03-01 19:56:17,264: INFO: common: Created directory: artifacts
2025-03-01 19:56:17,265: INFO: common: Created directory: artifacts/model_trainer
2025-03-01 19:56:17,280: INFO: main: >>>>>> Stage Model Training Stage completed <<<<<<

x==========x
2025-03-01 19:56:17,281: INFO: main: >>>>>> Stage Model Evaluation Stage started <<<<<<
2025-03-01 19:56:17,289: INFO: common: Reading yaml file from config\config.yaml
2025-03-01 19:56:17,292: INFO: common: Reading yaml file from params.yaml
2025-03-01 19:56:17,295: INFO: common: Reading yaml file from schema.yaml
2025-03-01 19:56:17,296: INFO: common: Created directory: artifacts
2025-03-01 19:56:17,297: INFO: common: Created directory: artifacts/model_evaluation
2025-03-01 19:56:18,508: INFO: common: Json file saved to artifacts\model_evaluation\metrics.json
2025-03-01 19:56:27,961: INFO: main: >>>>>> Stage Model Evaluation Stage completed <<<<<<

x==========x
2025-03-01 19:58:45,605: INFO: main: >>>>>> Stage Data Ingestion Stage started <<<<<<
2025-03-01 19:58:45,611: INFO: common: Reading yaml file from config\config.yaml
2025-03-01 19:58:45,614: INFO: common: Reading yaml file from params.yaml
2025-03-01 19:58:45,620: INFO: common: Reading yaml file from schema.yaml
2025-03-01 19:58:45,623: INFO: common: Created directory: artifacts
2025-03-01 19:58:45,624: INFO: common: Created directory: artifacts/data_ingestion
2025-03-01 19:58:45,625: INFO: data_ingestion: File already exists
2025-03-01 19:58:45,635: INFO: main: >>>>>> Stage Data Ingestion Stage completed <<<<<<

x==========x
2025-03-01 19:58:45,638: INFO: main: >>>>>> Stage Data Validation Stage started <<<<<<
2025-03-01 19:58:45,659: INFO: common: Reading yaml file from config\config.yaml
2025-03-01 19:58:45,661: INFO: common: Reading yaml file from params.yaml
2025-03-01 19:58:45,664: INFO: common: Reading yaml file from schema.yaml
2025-03-01 19:58:45,668: INFO: common: Created directory: artifacts
2025-03-01 19:58:45,672: INFO: common: Created directory: artifacts/data_validation
2025-03-01 19:58:45,706: INFO: main: >>>>>> Stage Data Validation Stage completed <<<<<<

x==========x
2025-03-01 19:58:45,708: INFO: main: >>>>>> Stage Data Transformation Stage started <<<<<<
2025-03-01 19:58:45,719: INFO: common: Reading yaml file from config\config.yaml
2025-03-01 19:58:45,722: INFO: common: Reading yaml file from params.yaml
2025-03-01 19:58:45,726: INFO: common: Reading yaml file from schema.yaml
2025-03-01 19:58:45,727: INFO: common: Created directory: artifacts
2025-03-01 19:58:45,729: INFO: common: Created directory: artifacts/data_transformation
2025-03-01 19:58:45,777: INFO: data_transformation: Data splitting is done.
2025-03-01 19:58:45,778: INFO: data_transformation: Train shape: (1279, 12), Test shape: (320, 12)
2025-03-01 19:58:45,780: INFO: main: >>>>>> Stage Data Transformation Stage completed <<<<<<

x==========x
2025-03-01 19:58:45,781: INFO: main: >>>>>> Stage Model Training Stage started <<<<<<
2025-03-01 19:58:45,793: INFO: common: Reading yaml file from config\config.yaml
2025-03-01 19:58:45,795: INFO: common: Reading yaml file from params.yaml
2025-03-01 19:58:45,799: INFO: common: Reading yaml file from schema.yaml
2025-03-01 19:58:45,804: INFO: common: Created directory: artifacts
2025-03-01 19:58:45,806: INFO: common: Created directory: artifacts/model_trainer
2025-03-01 19:58:45,827: INFO: main: >>>>>> Stage Model Training Stage completed <<<<<<

x==========x
2025-03-01 19:58:45,828: INFO: main: >>>>>> Stage Model Evaluation Stage started <<<<<<
2025-03-01 19:58:45,838: INFO: common: Reading yaml file from config\config.yaml
2025-03-01 19:58:45,841: INFO: common: Reading yaml file from params.yaml
2025-03-01 19:58:45,845: INFO: common: Reading yaml file from schema.yaml
2025-03-01 19:58:45,846: INFO: common: Created directory: artifacts
2025-03-01 19:58:45,847: INFO: common: Created directory: artifacts/model_evaluation
2025-03-01 19:58:47,978: INFO: common: Json file saved to artifacts\model_evaluation\metrics.json
2025-03-01 19:58:57,822: INFO: main: >>>>>> Stage Model Evaluation Stage completed <<<<<<

x==========x
2025-03-01 20:01:23,107: INFO: main: >>>>>> Stage Data Ingestion Stage started <<<<<<
2025-03-01 20:01:23,112: INFO: common: Reading yaml file from config\config.yaml
2025-03-01 20:01:23,114: INFO: common: Reading yaml file from params.yaml
2025-03-01 20:01:23,120: INFO: common: Reading yaml file from schema.yaml
2025-03-01 20:01:23,122: INFO: common: Created directory: artifacts
2025-03-01 20:01:23,124: INFO: common: Created directory: artifacts/data_ingestion
2025-03-01 20:01:23,125: INFO: data_ingestion: File already exists
2025-03-01 20:01:23,134: INFO: main: >>>>>> Stage Data Ingestion Stage completed <<<<<<

x==========x
2025-03-01 20:01:23,135: INFO: main: >>>>>> Stage Data Validation Stage started <<<<<<
2025-03-01 20:01:23,143: INFO: common: Reading yaml file from config\config.yaml
2025-03-01 20:01:23,147: INFO: common: Reading yaml file from params.yaml
2025-03-01 20:01:23,154: INFO: common: Reading yaml file from schema.yaml
2025-03-01 20:01:23,156: INFO: common: Created directory: artifacts
2025-03-01 20:01:23,157: INFO: common: Created directory: artifacts/data_validation
2025-03-01 20:01:23,189: INFO: main: >>>>>> Stage Data Validation Stage completed <<<<<<

x==========x
2025-03-01 20:01:23,190: INFO: main: >>>>>> Stage Data Transformation Stage started <<<<<<
2025-03-01 20:01:23,199: INFO: common: Reading yaml file from config\config.yaml
2025-03-01 20:01:23,202: INFO: common: Reading yaml file from params.yaml
2025-03-01 20:01:23,206: INFO: common: Reading yaml file from schema.yaml
2025-03-01 20:01:23,208: INFO: common: Created directory: artifacts
2025-03-01 20:01:23,208: INFO: common: Created directory: artifacts/data_transformation
2025-03-01 20:01:23,250: INFO: data_transformation: Data splitting is done.
2025-03-01 20:01:23,251: INFO: data_transformation: Train shape: (1279, 12), Test shape: (320, 12)
2025-03-01 20:01:23,252: INFO: main: >>>>>> Stage Data Transformation Stage completed <<<<<<

x==========x
2025-03-01 20:01:23,253: INFO: main: >>>>>> Stage Model Training Stage started <<<<<<
2025-03-01 20:01:23,258: INFO: common: Reading yaml file from config\config.yaml
2025-03-01 20:01:23,261: INFO: common: Reading yaml file from params.yaml
2025-03-01 20:01:23,267: INFO: common: Reading yaml file from schema.yaml
2025-03-01 20:01:23,269: INFO: common: Created directory: artifacts
2025-03-01 20:01:23,270: INFO: common: Created directory: artifacts/model_trainer
2025-03-01 20:01:23,290: INFO: main: >>>>>> Stage Model Training Stage completed <<<<<<

x==========x
2025-03-01 20:01:23,291: INFO: main: >>>>>> Stage Model Evaluation Stage started <<<<<<
2025-03-01 20:01:23,297: INFO: common: Reading yaml file from config\config.yaml
2025-03-01 20:01:23,300: INFO: common: Reading yaml file from params.yaml
2025-03-01 20:01:23,304: INFO: common: Reading yaml file from schema.yaml
2025-03-01 20:01:23,305: INFO: common: Created directory: artifacts
2025-03-01 20:01:23,306: INFO: common: Created directory: artifacts/model_evaluation
2025-03-01 20:01:24,964: INFO: common: Json file saved to artifacts\model_evaluation\metrics.json
2025-03-01 20:01:36,007: INFO: main: >>>>>> Stage Model Evaluation Stage completed <<<<<<

x==========x
2025-03-01 20:04:57,333: INFO: common: Reading yaml file from config\config.yaml
2025-03-01 20:04:57,340: INFO: common: Reading yaml file from params.yaml
2025-03-01 20:04:57,345: INFO: common: Reading yaml file from schema.yaml
2025-03-01 20:04:57,348: INFO: common: Created directory: artifacts
2025-03-01 20:04:57,352: INFO: common: Created directory: artifacts/model_evaluation
2025-03-01 20:04:58,208: INFO: common: Json file saved to artifacts\model_evaluation\metrics.json
